#
# A fatal error has been detected by the Java Runtime Environment:
#
#  EXCEPTION_ACCESS_VIOLATION (0xc0000005) at pc=0x65d742da, pid=7544, tid=0x00001660
#
# JRE version: Java(TM) SE Runtime Environment (8.0_102-b14) (build 1.8.0_102-b14)
# Java VM: Java HotSpot(TM) Client VM (25.102-b14 mixed mode windows-x86 )
# Problematic frame:
# V  [jvm.dll+0x1342da]
#
# Failed to write core dump. Minidumps are not enabled by default on client versions of Windows
#
# If you would like to submit a bug report, please visit:
#   http://bugreport.java.com/bugreport/crash.jsp
#

---------------  T H R E A D  ---------------

Current thread (0x140d4c00):  VMThread [stack: 0x14430000,0x14480000] [id=5728]

siginfo: ExceptionCode=0xc0000005, reading address 0x0000002c

Registers:
EAX=0x00000006, EBX=0x1abed490, ECX=0x00000010, EDX=0x00000003
ESP=0x1447f62c, EBP=0x1447f66c, ESI=0x0b5acb40, EDI=0x1421d2f0
EIP=0x65d742da, EFLAGS=0x00010246

Top of Stack: (sp=0x1447f62c)
0x1447f62c:   177f47a8 14a8f5c4 140d4c00 16866928
0x1447f63c:   1686ad54 0002039c 140bfbc8 140d4c00
0x1447f64c:   140bfbc8 140d4c00 00bed518 1447f670
0x1447f65c:   65c7d7b9 13c60018 00000000 1421d2f0
0x1447f66c:   1447f6e8 65d69e2b 177f47a8 1447f6fb
0x1447f67c:   14a8f5c4 00000002 140d4c00 140d4c00
0x1447f68c:   140d4000 140d5120 140d5128 140d5214
0x1447f69c:   000000ec 1447f708 00000000 15543900 

Instructions: (pc=0x65d742da)
0x65d742ba:   00 8b 43 10 8b d0 c1 ea 10 f6 c2 01 0f 84 85 01
0x65d742ca:   00 00 c1 e8 0f a8 01 0f 85 7a 01 00 00 8b 43 04
0x65d742da:   0f b7 48 26 51 8b 4d 08 e8 99 41 f8 ff 50 56 89
0x65d742ea:   45 f4 e8 2f 27 f1 ff 83 c4 08 f7 05 24 69 fc 65 


Register to memory mapping:

EAX=0x00000006 is an unknown value
EBX=0x1abed490 is pointing into metadata
ECX=0x00000010 is an unknown value
EDX=0x00000003 is an unknown value
ESP=0x1447f62c is an unknown value
EBP=0x1447f66c is an unknown value
ESI=0x0b5acb40 is an oop
java.lang.invoke.MemberName 
 - klass: 'java/lang/invoke/MemberName'
EDI=0x1421d2f0 is an unknown value


Stack: [0x14430000,0x14480000],  sp=0x1447f62c,  free space=317k
Native frames: (J=compiled Java code, j=interpreted, Vv=VM code, C=native code)
V  [jvm.dll+0x1342da]
V  [jvm.dll+0x129e2b]
V  [jvm.dll+0x12a029]
V  [jvm.dll+0x182adb]
V  [jvm.dll+0x181ee1]
V  [jvm.dll+0x1822f7]
V  [jvm.dll+0x1824f2]
V  [jvm.dll+0x1c2506]
C  [msvcr100.dll+0x5c556]
C  [msvcr100.dll+0x5c600]
C  [kernel32.dll+0x51174]
C  [ntdll.dll+0x5b3f5]
C  [ntdll.dll+0x5b3c8]

VM_Operation (0x14a8f5c4): RedefineClasses, mode: safepoint, requested by thread 0x14118400


---------------  P R O C E S S  ---------------

Java Threads: ( => current thread )
  0x171c6800 JavaThread "Thread-11" [_thread_blocked, id=5648, stack(0x14650000,0x146a0000)]
  0x17106800 JavaThread "http-nio-8080-AsyncTimeout" daemon [_thread_blocked, id=8140, stack(0x1b430000,0x1b480000)]
  0x17107400 JavaThread "http-nio-8080-Acceptor-0" daemon [_thread_in_native, id=4188, stack(0x1b390000,0x1b3e0000)]
  0x17108800 JavaThread "http-nio-8080-ClientPoller-1" daemon [_thread_in_native, id=2904, stack(0x1b130000,0x1b180000)]
  0x17106400 JavaThread "http-nio-8080-ClientPoller-0" daemon [_thread_blocked, id=6772, stack(0x1b300000,0x1b350000)]
  0x17107000 JavaThread "http-nio-8080-exec-10" daemon [_thread_blocked, id=4152, stack(0x1b290000,0x1b2e0000)]
  0x17109000 JavaThread "http-nio-8080-exec-9" daemon [_thread_blocked, id=7340, stack(0x1b200000,0x1b250000)]
  0x17109400 JavaThread "http-nio-8080-exec-8" daemon [_thread_blocked, id=4164, stack(0x1b180000,0x1b1d0000)]
  0x18f42000 JavaThread "http-nio-8080-exec-7" daemon [_thread_blocked, id=2224, stack(0x1b050000,0x1b0a0000)]
  0x18f41800 JavaThread "http-nio-8080-exec-6" daemon [_thread_blocked, id=3156, stack(0x162f0000,0x16340000)]
  0x18f41400 JavaThread "http-nio-8080-exec-5" daemon [_thread_blocked, id=3944, stack(0x1aff0000,0x1b040000)]
  0x18f40c00 JavaThread "http-nio-8080-exec-4" daemon [_thread_blocked, id=6416, stack(0x14b30000,0x14b80000)]
  0x18f40800 JavaThread "http-nio-8080-exec-3" daemon [_thread_blocked, id=7324, stack(0x18420000,0x18470000)]
  0x18f40000 JavaThread "http-nio-8080-exec-2" daemon [_thread_blocked, id=3508, stack(0x15830000,0x15880000)]
  0x18f3fc00 JavaThread "http-nio-8080-exec-1" daemon [_thread_blocked, id=5700, stack(0x1a500000,0x1a550000)]
  0x18f3f400 JavaThread "NioBlockingSelector.BlockPoller-2" daemon [_thread_blocked, id=4172, stack(0x18300000,0x18350000)]
  0x171c9400 JavaThread "container-1" [_thread_blocked, id=6800, stack(0x158d0000,0x15920000)]
  0x171c8800 JavaThread "ContainerBackgroundProcessor[StandardEngine[Tomcat-1]]" daemon [_thread_blocked, id=3736, stack(0x18230000,0x18280000)]
  0x171ca000 JavaThread "Log4j2-TF-9-Scheduled-4" daemon [_thread_blocked, id=5560, stack(0x15920000,0x15970000)]
  0x171c7400 JavaThread "File Watcher" daemon [_thread_blocked, id=5116, stack(0x14840000,0x14890000)]
  0x17109c00 JavaThread "DestroyJavaVM" [_thread_blocked, id=6544, stack(0x009c0000,0x00a10000)]
  0x171c8400 JavaThread "Live Reload Server" daemon [_thread_in_native, id=5524, stack(0x147a0000,0x147f0000)]
  0x1517b000 JavaThread "RMI TCP Accept-0" daemon [_thread_in_native, id=316, stack(0x15970000,0x159c0000)]
  0x15172400 JavaThread "RMI TCP Accept-56356" daemon [_thread_in_native, id=5232, stack(0x14390000,0x143e0000)]
  0x1515e800 JavaThread "RMI TCP Accept-0" daemon [_thread_in_native, id=4716, stack(0x14b80000,0x14bd0000)]
  0x14154c00 JavaThread "Service Thread" daemon [_thread_blocked, id=3912, stack(0x14be0000,0x14c30000)]
  0x14137400 JavaThread "C1 CompilerThread0" daemon [_thread_blocked, id=7480, stack(0x14750000,0x147a0000)]
  0x1412a000 JavaThread "JDWP Command Reader" daemon [_thread_in_native, id=4688, stack(0x14890000,0x148e0000)]
  0x1411d400 JavaThread "JDWP Event Helper Thread" daemon [_thread_blocked, id=5756, stack(0x144a0000,0x144f0000)]
  0x14118400 JavaThread "JDWP Transport Listener: dt_socket" daemon [_thread_blocked, id=3720, stack(0x14a40000,0x14a90000)]
  0x14122000 JavaThread "Attach Listener" daemon [_thread_blocked, id=5780, stack(0x14550000,0x145a0000)]
  0x1411f400 JavaThread "Signal Dispatcher" daemon [_thread_blocked, id=5156, stack(0x145f0000,0x14640000)]
  0x140fd800 JavaThread "Finalizer" daemon [_thread_blocked, id=6584, stack(0x143e0000,0x14430000)]
  0x140fc000 JavaThread "Reference Handler" daemon [_thread_blocked, id=6252, stack(0x144f0000,0x14540000)]

Other Threads:
=>0x140d4c00 VMThread [stack: 0x14430000,0x14480000] [id=5728]
  0x1517dc00 WatcherThread [stack: 0x15880000,0x158d0000] [id=5808]

VM state:at safepoint (normal execution)

VM Mutex/Monitor currently owned by a thread:  ([mutex/lock_event])
[0x008d4180] Threads_lock - owner thread: 0x140d4c00

Heap:
 def new generation   total 43712K, used 12303K [0x03c00000, 0x06b60000, 0x09150000)
  eden space 38912K,  27% used [0x03c00000, 0x046690a8, 0x06200000)
  from space 4800K,  34% used [0x06200000, 0x0639ac50, 0x066b0000)
  to   space 4800K,   0% used [0x066b0000, 0x066b0000, 0x06b60000)
 tenured generation   total 96992K, used 91025K [0x09150000, 0x0f008000, 0x13c00000)
   the space 96992K,  93% used [0x09150000, 0x0ea34598, 0x0ea34600, 0x0f008000)
 Metaspace       used 50716K, capacity 52617K, committed 52736K, reserved 53632K

Card table byte_map: [0x03b30000,0x03bc0000] byte_map_base: 0x03b12000

Polling page: 0x00460000

CodeCache: size=32768Kb used=10837Kb max_used=12555Kb free=21930Kb
 bounds [0x01ab0000, 0x02708000, 0x03ab0000]
 total_blobs=5541 nmethods=5323 adapters=156
 compilation: enabled

Compilation events (10 events):
Event: 950.278 Thread 0x14137400 10680             java.io.File::compareTo (9 bytes)
Event: 950.278 Thread 0x14137400 nmethod 10680 0x01d4cac8 code [0x01d4cbd0, 0x01d4cc8c]
Event: 950.282 Thread 0x14137400 10681             java.io.File::equals (30 bytes)
Event: 950.282 Thread 0x14137400 nmethod 10681 0x01cdfd88 code [0x01cdfe90, 0x01cdffcc]
Event: 950.436 Thread 0x14137400 10682   !         org.springframework.beans.factory.support.DefaultSingletonBeanRegistry::getSingleton (117 bytes)
Event: 950.437 Thread 0x14137400 nmethod 10682 0x01c41b48 code [0x01c41cc0, 0x01c420a4]
Event: 950.462 Thread 0x14137400 10683             java.util.concurrent.locks.AbstractQueuedSynchronizer::getState (5 bytes)
Event: 950.463 Thread 0x14137400 nmethod 10683 0x01cd9708 code [0x01cd9800, 0x01cd9880]
Event: 950.575 Thread 0x14137400 10684   !         java.util.concurrent.ConcurrentHashMap::clear (176 bytes)
Event: 950.576 Thread 0x14137400 nmethod 10684 0x01c32908 code [0x01c32a40, 0x01c32f08]

GC Heap History (10 events):
Event: 794.620 GC heap before
{Heap before GC invocations=208 (full 7):
 def new generation   total 43712K, used 40993K [0x03c00000, 0x06b60000, 0x09150000)
  eden space 38912K, 100% used [0x03c00000, 0x06200000, 0x06200000)
  from space 4800K,  43% used [0x066b0000, 0x068b8568, 0x06b60000)
  to   space 4800K,   0% used [0x06200000, 0x06200000, 0x066b0000)
 tenured generation   total 96992K, used 91025K [0x09150000, 0x0f008000, 0x13c00000)
   the space 96992K,  93% used [0x09150000, 0x0ea34598, 0x0ea34600, 0x0f008000)
 Metaspace       used 50713K, capacity 52617K, committed 52736K, reserved 53632K
Event: 794.628 GC heap after
Heap after GC invocations=209 (full 7):
 def new generation   total 43712K, used 2080K [0x03c00000, 0x06b60000, 0x09150000)
  eden space 38912K,   0% used [0x03c00000, 0x03c00000, 0x06200000)
  from space 4800K,  43% used [0x06200000, 0x06408340, 0x066b0000)
  to   space 4800K,   0% used [0x066b0000, 0x066b0000, 0x06b60000)
 tenured generation   total 96992K, used 91025K [0x09150000, 0x0f008000, 0x13c00000)
   the space 96992K,  93% used [0x09150000, 0x0ea34598, 0x0ea34600, 0x0f008000)
 Metaspace       used 50713K, capacity 52617K, committed 52736K, reserved 53632K
}
Event: 832.134 GC heap before
{Heap before GC invocations=209 (full 7):
 def new generation   total 43712K, used 40992K [0x03c00000, 0x06b60000, 0x09150000)
  eden space 38912K, 100% used [0x03c00000, 0x06200000, 0x06200000)
  from space 4800K,  43% used [0x06200000, 0x06408340, 0x066b0000)
  to   space 4800K,   0% used [0x066b0000, 0x066b0000, 0x06b60000)
 tenured generation   total 96992K, used 91025K [0x09150000, 0x0f008000, 0x13c00000)
   the space 96992K,  93% used [0x09150000, 0x0ea34598, 0x0ea34600, 0x0f008000)
 Metaspace       used 50713K, capacity 52617K, committed 52736K, reserved 53632K
Event: 832.145 GC heap after
Heap after GC invocations=210 (full 7):
 def new generation   total 43712K, used 1632K [0x03c00000, 0x06b60000, 0x09150000)
  eden space 38912K,   0% used [0x03c00000, 0x03c00000, 0x06200000)
  from space 4800K,  34% used [0x066b0000, 0x068481c8, 0x06b60000)
  to   space 4800K,   0% used [0x06200000, 0x06200000, 0x066b0000)
 tenured generation   total 96992K, used 91025K [0x09150000, 0x0f008000, 0x13c00000)
   the space 96992K,  93% used [0x09150000, 0x0ea34598, 0x0ea34600, 0x0f008000)
 Metaspace       used 50713K, capacity 52617K, committed 52736K, reserved 53632K
}
Event: 870.173 GC heap before
{Heap before GC invocations=210 (full 7):
 def new generation   total 43712K, used 40544K [0x03c00000, 0x06b60000, 0x09150000)
  eden space 38912K, 100% used [0x03c00000, 0x06200000, 0x06200000)
  from space 4800K,  34% used [0x066b0000, 0x068481c8, 0x06b60000)
  to   space 4800K,   0% used [0x06200000, 0x06200000, 0x066b0000)
 tenured generation   total 96992K, used 91025K [0x09150000, 0x0f008000, 0x13c00000)
   the space 96992K,  93% used [0x09150000, 0x0ea34598, 0x0ea34600, 0x0f008000)
 Metaspace       used 50713K, capacity 52617K, committed 52736K, reserved 53632K
Event: 870.183 GC heap after
Heap after GC invocations=211 (full 7):
 def new generation   total 43712K, used 1548K [0x03c00000, 0x06b60000, 0x09150000)
  eden space 38912K,   0% used [0x03c00000, 0x03c00000, 0x06200000)
  from space 4800K,  32% used [0x06200000, 0x063831c8, 0x066b0000)
  to   space 4800K,   0% used [0x066b0000, 0x066b0000, 0x06b60000)
 tenured generation   total 96992K, used 91025K [0x09150000, 0x0f008000, 0x13c00000)
   the space 96992K,  93% used [0x09150000, 0x0ea34598, 0x0ea34600, 0x0f008000)
 Metaspace       used 50713K, capacity 52617K, committed 52736K, reserved 53632K
}
Event: 907.446 GC heap before
{Heap before GC invocations=211 (full 7):
 def new generation   total 43712K, used 40460K [0x03c00000, 0x06b60000, 0x09150000)
  eden space 38912K, 100% used [0x03c00000, 0x06200000, 0x06200000)
  from space 4800K,  32% used [0x06200000, 0x063831c8, 0x066b0000)
  to   space 4800K,   0% used [0x066b0000, 0x066b0000, 0x06b60000)
 tenured generation   total 96992K, used 91025K [0x09150000, 0x0f008000, 0x13c00000)
   the space 96992K,  93% used [0x09150000, 0x0ea34598, 0x0ea34600, 0x0f008000)
 Metaspace       used 50713K, capacity 52617K, committed 52736K, reserved 53632K
Event: 907.453 GC heap after
Heap after GC invocations=212 (full 7):
 def new generation   total 43712K, used 1590K [0x03c00000, 0x06b60000, 0x09150000)
  eden space 38912K,   0% used [0x03c00000, 0x03c00000, 0x06200000)
  from space 4800K,  33% used [0x066b0000, 0x0683dbd0, 0x06b60000)
  to   space 4800K,   0% used [0x06200000, 0x06200000, 0x066b0000)
 tenured generation   total 96992K, used 91025K [0x09150000, 0x0f008000, 0x13c00000)
   the space 96992K,  93% used [0x09150000, 0x0ea34598, 0x0ea34600, 0x0f008000)
 Metaspace       used 50713K, capacity 52617K, committed 52736K, reserved 53632K
}
Event: 944.749 GC heap before
{Heap before GC invocations=212 (full 7):
 def new generation   total 43712K, used 40502K [0x03c00000, 0x06b60000, 0x09150000)
  eden space 38912K, 100% used [0x03c00000, 0x06200000, 0x06200000)
  from space 4800K,  33% used [0x066b0000, 0x0683dbd0, 0x06b60000)
  to   space 4800K,   0% used [0x06200000, 0x06200000, 0x066b0000)
 tenured generation   total 96992K, used 91025K [0x09150000, 0x0f008000, 0x13c00000)
   the space 96992K,  93% used [0x09150000, 0x0ea34598, 0x0ea34600, 0x0f008000)
 Metaspace       used 50713K, capacity 52617K, committed 52736K, reserved 53632K
Event: 944.756 GC heap after
Heap after GC invocations=213 (full 7):
 def new generation   total 43712K, used 1643K [0x03c00000, 0x06b60000, 0x09150000)
  eden space 38912K,   0% used [0x03c00000, 0x03c00000, 0x06200000)
  from space 4800K,  34% used [0x06200000, 0x0639ac50, 0x066b0000)
  to   space 4800K,   0% used [0x066b0000, 0x066b0000, 0x06b60000)
 tenured generation   total 96992K, used 91025K [0x09150000, 0x0f008000, 0x13c00000)
   the space 96992K,  93% used [0x09150000, 0x0ea34598, 0x0ea34600, 0x0f008000)
 Metaspace       used 50713K, capacity 52617K, committed 52736K, reserved 53632K
}

Deoptimization events (0 events):
No events

Internal exceptions (10 events):
Event: 743.545 Thread 0x17109400 Exception <a 'java/lang/ArrayIndexOutOfBoundsException'> (0x05a3abc8) thrown at [C:\re\workspace\8-2-build-windows-i586-cygwin\jdk8u102\7268\hotspot\src\share\vm\runtime\sharedRuntime.cpp, line 605]
Event: 743.545 Thread 0x17109400 Exception <a 'java/lang/ArrayIndexOutOfBoundsException'> (0x05a3d6d8) thrown at [C:\re\workspace\8-2-build-windows-i586-cygwin\jdk8u102\7268\hotspot\src\share\vm\runtime\sharedRuntime.cpp, line 605]
Event: 743.546 Thread 0x17109400 Exception <a 'java/lang/ArrayIndexOutOfBoundsException'> (0x05a402d0) thrown at [C:\re\workspace\8-2-build-windows-i586-cygwin\jdk8u102\7268\hotspot\src\share\vm\runtime\sharedRuntime.cpp, line 605]
Event: 743.546 Thread 0x17109400 Exception <a 'java/lang/ArrayIndexOutOfBoundsException'> (0x05a42ef8) thrown at [C:\re\workspace\8-2-build-windows-i586-cygwin\jdk8u102\7268\hotspot\src\share\vm\runtime\sharedRuntime.cpp, line 605]
Event: 743.546 Thread 0x17109400 Exception <a 'java/lang/ArrayIndexOutOfBoundsException'> (0x05a45a38) thrown at [C:\re\workspace\8-2-build-windows-i586-cygwin\jdk8u102\7268\hotspot\src\share\vm\runtime\sharedRuntime.cpp, line 605]
Event: 743.546 Thread 0x17109400 Exception <a 'java/lang/ArrayIndexOutOfBoundsException'> (0x05a48558) thrown at [C:\re\workspace\8-2-build-windows-i586-cygwin\jdk8u102\7268\hotspot\src\share\vm\runtime\sharedRuntime.cpp, line 605]
Event: 743.546 Thread 0x17109400 Exception <a 'java/lang/ArrayIndexOutOfBoundsException'> (0x05a4b098) thrown at [C:\re\workspace\8-2-build-windows-i586-cygwin\jdk8u102\7268\hotspot\src\share\vm\runtime\sharedRuntime.cpp, line 605]
Event: 743.546 Thread 0x17109400 Exception <a 'java/lang/ArrayIndexOutOfBoundsException'> (0x05a4dba0) thrown at [C:\re\workspace\8-2-build-windows-i586-cygwin\jdk8u102\7268\hotspot\src\share\vm\runtime\sharedRuntime.cpp, line 605]
Event: 743.546 Thread 0x17109400 Exception <a 'java/lang/ArrayIndexOutOfBoundsException'> (0x05a50678) thrown at [C:\re\workspace\8-2-build-windows-i586-cygwin\jdk8u102\7268\hotspot\src\share\vm\runtime\sharedRuntime.cpp, line 605]
Event: 743.546 Thread 0x17109400 Exception <a 'java/lang/ArrayIndexOutOfBoundsException'> (0x05a53150) thrown at [C:\re\workspace\8-2-build-windows-i586-cygwin\jdk8u102\7268\hotspot\src\share\vm\runtime\sharedRuntime.cpp, line 605]

Events (10 events):
Event: 950.464 Thread 0x14137400 flushing nmethod 0x01dba848
Event: 950.464 Thread 0x14137400 flushing nmethod 0x01dbacc8
Event: 950.464 Thread 0x14137400 flushing nmethod 0x01dbaec8
Event: 950.464 Thread 0x14137400 flushing nmethod 0x01dbb188
Event: 950.464 Thread 0x14137400 flushing nmethod 0x01dbb348
Event: 950.464 Thread 0x14137400 flushing nmethod 0x01dbb588
Event: 950.542 Thread 0x18f3ec00 Thread exited: 0x18f3ec00
Event: 950.590 Executing VM operation: RevokeBias
Event: 950.590 Executing VM operation: RevokeBias done
Event: 950.728 Executing VM operation: RedefineClasses


Dynamic libraries:
0x00e70000 - 0x00ea3000 	C:\Program Files\Java\jdk1.8.0_102\bin\javaw.exe
0x77b80000 - 0x77cbc000 	C:\Windows\SYSTEM32\ntdll.dll
0x77aa0000 - 0x77b74000 	C:\Windows\system32\kernel32.dll
0x75f30000 - 0x75f7a000 	C:\Windows\system32\KERNELBASE.dll
0x767e0000 - 0x76880000 	C:\Windows\system32\ADVAPI32.dll
0x76300000 - 0x763ac000 	C:\Windows\system32\msvcrt.dll
0x77d40000 - 0x77d59000 	C:\Windows\SYSTEM32\sechost.dll
0x76a50000 - 0x76af1000 	C:\Windows\system32\RPCRT4.dll
0x76710000 - 0x767d9000 	C:\Windows\system32\USER32.dll
0x777b0000 - 0x777fe000 	C:\Windows\system32\GDI32.dll
0x77ce0000 - 0x77cea000 	C:\Windows\system32\LPK.dll
0x76190000 - 0x7622d000 	C:\Windows\system32\USP10.dll
0x74d70000 - 0x74f0e000 	C:\Windows\WinSxS\x86_microsoft.windows.common-controls_6595b64144ccf1df_6.0.7600.16385_none_421189da2b7fabfc\COMCTL32.dll
0x77800000 - 0x77857000 	C:\Windows\system32\SHLWAPI.dll
0x76170000 - 0x7618f000 	C:\Windows\system32\IMM32.DLL
0x76230000 - 0x762fc000 	C:\Windows\system32\MSCTF.dll
0x69310000 - 0x693cf000 	C:\Program Files\Java\jdk1.8.0_102\jre\bin\msvcr100.dll
0x65c40000 - 0x6600d000 	C:\Program Files\Java\jdk1.8.0_102\jre\bin\client\jvm.dll
0x73030000 - 0x73037000 	C:\Windows\system32\WSOCK32.dll
0x77d00000 - 0x77d35000 	C:\Windows\system32\WS2_32.dll
0x77cf0000 - 0x77cf6000 	C:\Windows\system32\NSI.dll
0x740b0000 - 0x740e2000 	C:\Windows\system32\WINMM.dll
0x75200000 - 0x75209000 	C:\Windows\system32\VERSION.dll
0x77cc0000 - 0x77cc5000 	C:\Windows\system32\PSAPI.DLL
0x721c0000 - 0x721cc000 	C:\Program Files\Java\jdk1.8.0_102\jre\bin\verify.dll
0x72160000 - 0x72181000 	C:\Program Files\Java\jdk1.8.0_102\jre\bin\java.dll
0x6fba0000 - 0x6fbc9000 	C:\Program Files\Java\jdk1.8.0_102\jre\bin\jdwp.dll
0x72110000 - 0x72117000 	C:\Program Files\Java\jdk1.8.0_102\jre\bin\npt.dll
0x720e0000 - 0x720f3000 	C:\Program Files\Java\jdk1.8.0_102\jre\bin\zip.dll
0x76b60000 - 0x777a9000 	C:\Windows\system32\SHELL32.dll
0x76010000 - 0x7616c000 	C:\Windows\system32\ole32.dll
0x75d10000 - 0x75d1b000 	C:\Windows\system32\profapi.dll
0x6feb0000 - 0x6feb8000 	C:\Program Files\Java\jdk1.8.0_102\jre\bin\dt_socket.dll
0x73ea0000 - 0x73eb0000 	C:\Windows\system32\NLAapi.dll
0x75760000 - 0x7579c000 	C:\Windows\System32\mswsock.dll
0x75620000 - 0x75664000 	C:\Windows\system32\DNSAPI.dll
0x73070000 - 0x73078000 	C:\Windows\System32\winrnr.dll
0x73060000 - 0x73070000 	C:\Windows\system32\napinsp.dll
0x73040000 - 0x73052000 	C:\Windows\system32\pnrpnsp.dll
0x73810000 - 0x7382c000 	C:\Windows\system32\IPHLPAPI.DLL
0x73800000 - 0x73807000 	C:\Windows\system32\WINNSI.DLL
0x73580000 - 0x735b8000 	C:\Windows\System32\fwpuclnt.dll
0x73080000 - 0x73086000 	C:\Windows\system32\rasadhlp.dll
0x75290000 - 0x75295000 	C:\Windows\System32\wshtcpip.dll
0x6fc50000 - 0x6fc5a000 	C:\Program Files\Java\jdk1.8.0_102\jre\bin\management.dll
0x6fb80000 - 0x6fb96000 	C:\Program Files\Java\jdk1.8.0_102\jre\bin\net.dll
0x75750000 - 0x75756000 	C:\Windows\System32\wship6.dll
0x6fb20000 - 0x6fb2f000 	C:\Program Files\Java\jdk1.8.0_102\jre\bin\nio.dll
0x757a0000 - 0x757b6000 	C:\Windows\system32\CRYPTSP.dll
0x75540000 - 0x7557b000 	C:\Windows\system32\rsaenh.dll
0x75360000 - 0x75377000 	C:\Windows\system32\USERENV.dll
0x75c90000 - 0x75c9c000 	C:\Windows\system32\CRYPTBASE.dll
0x73560000 - 0x7356d000 	C:\Windows\system32\dhcpcsvc6.DLL
0x734e0000 - 0x734f2000 	C:\Windows\system32\dhcpcsvc.DLL
0x72f40000 - 0x7302b000 	C:\Windows\system32\dbghelp.dll

VM Arguments:
jvm_args: -agentlib:jdwp=transport=dt_socket,suspend=y,address=localhost:56357 -Dcom.sun.management.jmxremote -Dcom.sun.management.jmxremote.port=56356 -Dcom.sun.management.jmxremote.authenticate=false -Dcom.sun.management.jmxremote.ssl=false -Djava.rmi.server.hostname=localhost -Dspring.liveBeansView.mbeanDomain -Dspring.application.admin.enabled=true -Xverify:none -XX:TieredStopAtLevel=1 -Dfile.encoding=UTF-8 -Djava.net.preferIPv4Stack=true 
java_command: com.smerp.SmerpApplication --spring.output.ansi.enabled=always
java_class_path (initial): C:\Users\dganapathi\git\smerp\target\classes;C:\Users\dganapathi\.m2\repository\org\springframework\boot\spring-boot-starter-web\2.0.5.RELEASE\spring-boot-starter-web-2.0.5.RELEASE.jar;C:\Users\dganapathi\.m2\repository\org\springframework\boot\spring-boot-starter-json\2.0.5.RELEASE\spring-boot-starter-json-2.0.5.RELEASE.jar;C:\Users\dganapathi\.m2\repository\com\fasterxml\jackson\datatype\jackson-datatype-jdk8\2.9.6\jackson-datatype-jdk8-2.9.6.jar;C:\Users\dganapathi\.m2\repository\com\fasterxml\jackson\datatype\jackson-datatype-jsr310\2.9.6\jackson-datatype-jsr310-2.9.6.jar;C:\Users\dganapathi\.m2\repository\com\fasterxml\jackson\module\jackson-module-parameter-names\2.9.6\jackson-module-parameter-names-2.9.6.jar;C:\Users\dganapathi\.m2\repository\org\springframework\boot\spring-boot-starter-tomcat\2.0.5.RELEASE\spring-boot-starter-tomcat-2.0.5.RELEASE.jar;C:\Users\dganapathi\.m2\repository\org\apache\tomcat\embed\tomcat-embed-websocket\8.5.34\tomcat-embed-websocket-8.5.34.jar;C:\Users\dganapathi\.m2\repository\org\hibernate\validator\hibernate-validator\6.0.12.Final\hibernate-validator-6.0.12.Final.jar;C:\Users\dganapathi\.m2\repository\javax\validation\validation-api\2.0.1.Final\validation-api-2.0.1.Final.jar;C:\Users\dganapathi\.m2\repository\org\jboss\logging\jboss-logging\3.3.2.Final\jboss-logging-3.3.2.Final.jar;C:\Users\dganapathi\.m2\repository\com\fasterxml\classmate\1.3.4\classmate-1.3.4.jar;C:\Users\dganapathi\.m2\repository\org\springframework\spring-web\5.0.9.RELEASE\spring-web-5.0.9.RELEASE.jar;C:\Users\dganapathi\.m2\repository\org\springframework\spring-webmvc\5.0.9.RELEASE\spring-webmvc-5.0.9.RELEASE.jar;C:\Users\dganapathi\.m2\repository\org\springframework\boot\spring-boot-starter-data-jpa\2.0.5.RELEASE\spring-boot-starter-data-jpa-2.0.5.RELEASE.jar;C:\Users\dganapathi\.m2\repository\org\springframework\boot\spring-boot-starter-aop\2.0.5.RELEASE\spring-boot-starter-aop-2.0.5.RELEASE.jar;C:\Users\dganapathi\.m2\reposi
Launcher Type: SUN_STANDARD

Environment Variables:
JAVA_HOME=C:\Program Files\Java\jdk1.8.0_102
_JAVA_OPTIONS=-Djava.net.preferIPv4Stack=true
PATH=C:\Program Files\Java\jdk1.8.0_102\jre\bin;C:/Program Files/Java/jre1.8.0_141/bin/client;C:/Program Files/Java/jre1.8.0_141/bin;C:/Program Files/Java/jre1.8.0_141/lib/i386;C:\ProgramData\Oracle\Java\javapath;C:\Windows\system32;C:\Windows;C:\Windows\System32\Wbem;C:\Windows\System32\WindowsPowerShell\v1.0\;C:\gradle-1.7\bin;C:\Program Files\Java\jdk1.8.0_102\bin;%CATALINA_HOME%\bin;.;C:\Program Files\Java\jdk1.8.0_102\bin;C:\Users\pramulamma\Desktop\spring-roo-1.2.5.RELEASE\bin;C:\Program Files\MySQL\MySQL Utilities 1.6\;C:\Program Files\nodejs\;C:\Users\dganapathi\AppData\Roaming\npm;C:\Users\dganapathi\AppData\Local\Programs\Microsoft VS Code\bin;D:\SpringTool\sts-bundle\sts-3.9.6.RELEASE;
USERNAME=dganapathi
OS=Windows_NT
PROCESSOR_IDENTIFIER=x86 Family 6 Model 23 Stepping 10, GenuineIntel



---------------  S Y S T E M  ---------------

OS: Windows 7 Build 7600 (6.1.7600.16385)

CPU:total 2 (2 cores per cpu, 1 threads per core) family 6 model 23 stepping 10, cmov, cx8, fxsr, mmx, sse, sse2, sse3, ssse3, sse4.1, tsc

Memory: 4k page, physical 3106352k(435984k free), swap 6526328k(2009408k free)

vm_info: Java HotSpot(TM) Client VM (25.102-b14) for windows-x86 JRE (1.8.0_102-b14), built on Jun 22 2016 13:13:29 by "java_re" with MS VC++ 10.0 (VS2010)

time: Tue Feb 12 20:00:16 2019
elapsed time: 950 seconds (0d 0h 15m 50s)

